<?xml version="1.0" encoding="UTF-8"?>
<testsuite xmlns:xsi="http://www.w3.org/2001/XMLSchema-instance" xsi:noNamespaceSchemaLocation="https://maven.apache.org/surefire/maven-surefire-plugin/xsd/surefire-test-report.xsd" name="ink.zxu.learn_japanese.LearnJapaneseApplicationTests" time="4.797" tests="1" errors="0" skipped="0" failures="0">
  <properties>
    <property name="sun.desktop" value="windows"/>
    <property name="awt.toolkit" value="sun.awt.windows.WToolkit"/>
    <property name="file.encoding.pkg" value="sun.io"/>
    <property name="java.specification.version" value="1.8"/>
    <property name="sun.cpu.isalist" value="amd64"/>
    <property name="sun.jnu.encoding" value="GBK"/>
    <property name="java.class.path" value="E:\LearnJapanese\learn_japanese\target\test-classes;E:\LearnJapanese\learn_japanese\target\classes;E:\Repository\Synchronization\com\google\code\gson\gson\2.8.5\gson-2.8.5.jar;E:\Repository\Synchronization\org\springframework\boot\spring-boot-starter-jdbc\2.1.8.RELEASE\spring-boot-starter-jdbc-2.1.8.RELEASE.jar;E:\Repository\Synchronization\org\springframework\boot\spring-boot-starter\2.1.8.RELEASE\spring-boot-starter-2.1.8.RELEASE.jar;E:\Repository\Synchronization\org\springframework\boot\spring-boot-autoconfigure\2.1.8.RELEASE\spring-boot-autoconfigure-2.1.8.RELEASE.jar;E:\Repository\Synchronization\org\springframework\boot\spring-boot-starter-logging\2.1.8.RELEASE\spring-boot-starter-logging-2.1.8.RELEASE.jar;E:\Repository\Synchronization\ch\qos\logback\logback-classic\1.2.3\logback-classic-1.2.3.jar;E:\Repository\Synchronization\ch\qos\logback\logback-core\1.2.3\logback-core-1.2.3.jar;E:\Repository\Synchronization\org\apache\logging\log4j\log4j-to-slf4j\2.11.2\log4j-to-slf4j-2.11.2.jar;E:\Repository\Synchronization\org\apache\logging\log4j\log4j-api\2.11.2\log4j-api-2.11.2.jar;E:\Repository\Synchronization\org\slf4j\jul-to-slf4j\1.7.28\jul-to-slf4j-1.7.28.jar;E:\Repository\Synchronization\org\yaml\snakeyaml\1.23\snakeyaml-1.23.jar;E:\Repository\Synchronization\com\zaxxer\HikariCP\3.2.0\HikariCP-3.2.0.jar;E:\Repository\Synchronization\org\slf4j\slf4j-api\1.7.28\slf4j-api-1.7.28.jar;E:\Repository\Synchronization\org\springframework\spring-jdbc\5.1.9.RELEASE\spring-jdbc-5.1.9.RELEASE.jar;E:\Repository\Synchronization\org\springframework\spring-beans\5.1.9.RELEASE\spring-beans-5.1.9.RELEASE.jar;E:\Repository\Synchronization\org\springframework\spring-tx\5.1.9.RELEASE\spring-tx-5.1.9.RELEASE.jar;E:\Repository\Synchronization\mysql\mysql-connector-java\8.0.17\mysql-connector-java-8.0.17.jar;E:\Repository\Synchronization\org\springframework\boot\spring-boot-starter-web\2.1.8.RELEASE\spring-boot-starter-web-2.1.8.RELEASE.jar;E:\Repository\Synchronization\org\springframework\boot\spring-boot-starter-json\2.1.8.RELEASE\spring-boot-starter-json-2.1.8.RELEASE.jar;E:\Repository\Synchronization\com\fasterxml\jackson\core\jackson-databind\2.9.9.3\jackson-databind-2.9.9.3.jar;E:\Repository\Synchronization\com\fasterxml\jackson\core\jackson-annotations\2.9.0\jackson-annotations-2.9.0.jar;E:\Repository\Synchronization\com\fasterxml\jackson\core\jackson-core\2.9.9\jackson-core-2.9.9.jar;E:\Repository\Synchronization\com\fasterxml\jackson\datatype\jackson-datatype-jdk8\2.9.9\jackson-datatype-jdk8-2.9.9.jar;E:\Repository\Synchronization\com\fasterxml\jackson\datatype\jackson-datatype-jsr310\2.9.9\jackson-datatype-jsr310-2.9.9.jar;E:\Repository\Synchronization\com\fasterxml\jackson\module\jackson-module-parameter-names\2.9.9\jackson-module-parameter-names-2.9.9.jar;E:\Repository\Synchronization\org\hibernate\validator\hibernate-validator\6.0.17.Final\hibernate-validator-6.0.17.Final.jar;E:\Repository\Synchronization\javax\validation\validation-api\2.0.1.Final\validation-api-2.0.1.Final.jar;E:\Repository\Synchronization\org\jboss\logging\jboss-logging\3.3.3.Final\jboss-logging-3.3.3.Final.jar;E:\Repository\Synchronization\com\fasterxml\classmate\1.4.0\classmate-1.4.0.jar;E:\Repository\Synchronization\org\springframework\spring-web\5.1.9.RELEASE\spring-web-5.1.9.RELEASE.jar;E:\Repository\Synchronization\org\springframework\spring-webmvc\5.1.9.RELEASE\spring-webmvc-5.1.9.RELEASE.jar;E:\Repository\Synchronization\org\springframework\spring-aop\5.1.9.RELEASE\spring-aop-5.1.9.RELEASE.jar;E:\Repository\Synchronization\org\springframework\spring-expression\5.1.9.RELEASE\spring-expression-5.1.9.RELEASE.jar;E:\Repository\Synchronization\org\springframework\session\spring-session-core\2.1.8.RELEASE\spring-session-core-2.1.8.RELEASE.jar;E:\Repository\Synchronization\org\springframework\spring-jcl\5.1.9.RELEASE\spring-jcl-5.1.9.RELEASE.jar;E:\Repository\Synchronization\org\springframework\boot\spring-boot-starter-test\2.1.8.RELEASE\spring-boot-starter-test-2.1.8.RELEASE.jar;E:\Repository\Synchronization\org\springframework\boot\spring-boot-test\2.1.8.RELEASE\spring-boot-test-2.1.8.RELEASE.jar;E:\Repository\Synchronization\org\springframework\boot\spring-boot-test-autoconfigure\2.1.8.RELEASE\spring-boot-test-autoconfigure-2.1.8.RELEASE.jar;E:\Repository\Synchronization\com\jayway\jsonpath\json-path\2.4.0\json-path-2.4.0.jar;E:\Repository\Synchronization\net\minidev\json-smart\2.3\json-smart-2.3.jar;E:\Repository\Synchronization\net\minidev\accessors-smart\1.2\accessors-smart-1.2.jar;E:\Repository\Synchronization\org\ow2\asm\asm\5.0.4\asm-5.0.4.jar;E:\Repository\Synchronization\org\assertj\assertj-core\3.11.1\assertj-core-3.11.1.jar;E:\Repository\Synchronization\org\mockito\mockito-core\2.23.4\mockito-core-2.23.4.jar;E:\Repository\Synchronization\net\bytebuddy\byte-buddy\1.9.16\byte-buddy-1.9.16.jar;E:\Repository\Synchronization\net\bytebuddy\byte-buddy-agent\1.9.16\byte-buddy-agent-1.9.16.jar;E:\Repository\Synchronization\org\objenesis\objenesis\2.6\objenesis-2.6.jar;E:\Repository\Synchronization\org\hamcrest\hamcrest-core\1.3\hamcrest-core-1.3.jar;E:\Repository\Synchronization\org\hamcrest\hamcrest-library\1.3\hamcrest-library-1.3.jar;E:\Repository\Synchronization\org\skyscreamer\jsonassert\1.5.0\jsonassert-1.5.0.jar;E:\Repository\Synchronization\com\vaadin\external\google\android-json\0.0.20131108.vaadin1\android-json-0.0.20131108.vaadin1.jar;E:\Repository\Synchronization\org\springframework\spring-core\5.1.9.RELEASE\spring-core-5.1.9.RELEASE.jar;E:\Repository\Synchronization\org\springframework\spring-test\5.1.9.RELEASE\spring-test-5.1.9.RELEASE.jar;E:\Repository\Synchronization\org\xmlunit\xmlunit-core\2.6.3\xmlunit-core-2.6.3.jar;E:\Repository\Synchronization\org\mybatis\spring\boot\mybatis-spring-boot-starter\1.3.1\mybatis-spring-boot-starter-1.3.1.jar;E:\Repository\Synchronization\org\mybatis\spring\boot\mybatis-spring-boot-autoconfigure\1.3.1\mybatis-spring-boot-autoconfigure-1.3.1.jar;E:\Repository\Synchronization\org\mybatis\mybatis-spring\2.0.2\mybatis-spring-2.0.2.jar;E:\Repository\Synchronization\org\mybatis\mybatis\3.5.2\mybatis-3.5.2.jar;E:\Repository\Synchronization\org\projectlombok\lombok\1.16.6\lombok-1.16.6.jar;E:\Repository\Synchronization\org\apache\commons\commons-lang3\3.3.2\commons-lang3-3.3.2.jar;E:\Repository\Synchronization\commons-codec\commons-codec\1.9\commons-codec-1.9.jar;E:\Repository\Synchronization\junit\junit\4.12\junit-4.12.jar;E:\Repository\Synchronization\com\google\guava\guava\15.0\guava-15.0.jar;E:\Repository\Synchronization\javax\servlet\javax.servlet-api\4.0.1\javax.servlet-api-4.0.1.jar;E:\Repository\Synchronization\javax\servlet\jstl\1.2\jstl-1.2.jar;E:\Repository\Synchronization\org\springframework\boot\spring-boot-starter-tomcat\2.1.8.RELEASE\spring-boot-starter-tomcat-2.1.8.RELEASE.jar;E:\Repository\Synchronization\javax\annotation\javax.annotation-api\1.3.2\javax.annotation-api-1.3.2.jar;E:\Repository\Synchronization\org\apache\tomcat\embed\tomcat-embed-core\9.0.24\tomcat-embed-core-9.0.24.jar;E:\Repository\Synchronization\org\apache\tomcat\embed\tomcat-embed-el\9.0.24\tomcat-embed-el-9.0.24.jar;E:\Repository\Synchronization\org\apache\tomcat\embed\tomcat-embed-websocket\9.0.24\tomcat-embed-websocket-9.0.24.jar;E:\Repository\Synchronization\org\apache\tomcat\embed\tomcat-embed-jasper\9.0.24\tomcat-embed-jasper-9.0.24.jar;E:\Repository\Synchronization\org\eclipse\jdt\ecj\3.18.0\ecj-3.18.0.jar;E:\Repository\Synchronization\org\springframework\boot\spring-boot\2.1.9.RELEASE\spring-boot-2.1.9.RELEASE.jar;E:\Repository\Synchronization\org\springframework\spring-context\5.1.9.RELEASE\spring-context-5.1.9.RELEASE.jar;"/>
    <property name="java.vm.vendor" value="Oracle Corporation"/>
    <property name="sun.arch.data.model" value="64"/>
    <property name="user.variant" value=""/>
    <property name="java.vendor.url" value="http://java.oracle.com/"/>
    <property name="user.timezone" value="Asia/Shanghai"/>
    <property name="java.vm.specification.version" value="1.8"/>
    <property name="os.name" value="Windows 10"/>
    <property name="user.country" value="CN"/>
    <property name="sun.java.launcher" value="SUN_STANDARD"/>
    <property name="sun.boot.library.path" value="E:\jdk1\jre\bin"/>
    <property name="sun.java.command" value="C:\Users\zw\AppData\Local\Temp\surefire2508727998353622925\surefirebooter6064166243905835750.jar C:\Users\zw\AppData\Local\Temp\surefire2508727998353622925 2019-11-09T00-18-00_996-jvmRun1 surefire1637096444016670722tmp surefire_08630509702521641791tmp"/>
    <property name="surefire.test.class.path" value="E:\LearnJapanese\learn_japanese\target\test-classes;E:\LearnJapanese\learn_japanese\target\classes;E:\Repository\Synchronization\com\google\code\gson\gson\2.8.5\gson-2.8.5.jar;E:\Repository\Synchronization\org\springframework\boot\spring-boot-starter-jdbc\2.1.8.RELEASE\spring-boot-starter-jdbc-2.1.8.RELEASE.jar;E:\Repository\Synchronization\org\springframework\boot\spring-boot-starter\2.1.8.RELEASE\spring-boot-starter-2.1.8.RELEASE.jar;E:\Repository\Synchronization\org\springframework\boot\spring-boot-autoconfigure\2.1.8.RELEASE\spring-boot-autoconfigure-2.1.8.RELEASE.jar;E:\Repository\Synchronization\org\springframework\boot\spring-boot-starter-logging\2.1.8.RELEASE\spring-boot-starter-logging-2.1.8.RELEASE.jar;E:\Repository\Synchronization\ch\qos\logback\logback-classic\1.2.3\logback-classic-1.2.3.jar;E:\Repository\Synchronization\ch\qos\logback\logback-core\1.2.3\logback-core-1.2.3.jar;E:\Repository\Synchronization\org\apache\logging\log4j\log4j-to-slf4j\2.11.2\log4j-to-slf4j-2.11.2.jar;E:\Repository\Synchronization\org\apache\logging\log4j\log4j-api\2.11.2\log4j-api-2.11.2.jar;E:\Repository\Synchronization\org\slf4j\jul-to-slf4j\1.7.28\jul-to-slf4j-1.7.28.jar;E:\Repository\Synchronization\org\yaml\snakeyaml\1.23\snakeyaml-1.23.jar;E:\Repository\Synchronization\com\zaxxer\HikariCP\3.2.0\HikariCP-3.2.0.jar;E:\Repository\Synchronization\org\slf4j\slf4j-api\1.7.28\slf4j-api-1.7.28.jar;E:\Repository\Synchronization\org\springframework\spring-jdbc\5.1.9.RELEASE\spring-jdbc-5.1.9.RELEASE.jar;E:\Repository\Synchronization\org\springframework\spring-beans\5.1.9.RELEASE\spring-beans-5.1.9.RELEASE.jar;E:\Repository\Synchronization\org\springframework\spring-tx\5.1.9.RELEASE\spring-tx-5.1.9.RELEASE.jar;E:\Repository\Synchronization\mysql\mysql-connector-java\8.0.17\mysql-connector-java-8.0.17.jar;E:\Repository\Synchronization\org\springframework\boot\spring-boot-starter-web\2.1.8.RELEASE\spring-boot-starter-web-2.1.8.RELEASE.jar;E:\Repository\Synchronization\org\springframework\boot\spring-boot-starter-json\2.1.8.RELEASE\spring-boot-starter-json-2.1.8.RELEASE.jar;E:\Repository\Synchronization\com\fasterxml\jackson\core\jackson-databind\2.9.9.3\jackson-databind-2.9.9.3.jar;E:\Repository\Synchronization\com\fasterxml\jackson\core\jackson-annotations\2.9.0\jackson-annotations-2.9.0.jar;E:\Repository\Synchronization\com\fasterxml\jackson\core\jackson-core\2.9.9\jackson-core-2.9.9.jar;E:\Repository\Synchronization\com\fasterxml\jackson\datatype\jackson-datatype-jdk8\2.9.9\jackson-datatype-jdk8-2.9.9.jar;E:\Repository\Synchronization\com\fasterxml\jackson\datatype\jackson-datatype-jsr310\2.9.9\jackson-datatype-jsr310-2.9.9.jar;E:\Repository\Synchronization\com\fasterxml\jackson\module\jackson-module-parameter-names\2.9.9\jackson-module-parameter-names-2.9.9.jar;E:\Repository\Synchronization\org\hibernate\validator\hibernate-validator\6.0.17.Final\hibernate-validator-6.0.17.Final.jar;E:\Repository\Synchronization\javax\validation\validation-api\2.0.1.Final\validation-api-2.0.1.Final.jar;E:\Repository\Synchronization\org\jboss\logging\jboss-logging\3.3.3.Final\jboss-logging-3.3.3.Final.jar;E:\Repository\Synchronization\com\fasterxml\classmate\1.4.0\classmate-1.4.0.jar;E:\Repository\Synchronization\org\springframework\spring-web\5.1.9.RELEASE\spring-web-5.1.9.RELEASE.jar;E:\Repository\Synchronization\org\springframework\spring-webmvc\5.1.9.RELEASE\spring-webmvc-5.1.9.RELEASE.jar;E:\Repository\Synchronization\org\springframework\spring-aop\5.1.9.RELEASE\spring-aop-5.1.9.RELEASE.jar;E:\Repository\Synchronization\org\springframework\spring-expression\5.1.9.RELEASE\spring-expression-5.1.9.RELEASE.jar;E:\Repository\Synchronization\org\springframework\session\spring-session-core\2.1.8.RELEASE\spring-session-core-2.1.8.RELEASE.jar;E:\Repository\Synchronization\org\springframework\spring-jcl\5.1.9.RELEASE\spring-jcl-5.1.9.RELEASE.jar;E:\Repository\Synchronization\org\springframework\boot\spring-boot-starter-test\2.1.8.RELEASE\spring-boot-starter-test-2.1.8.RELEASE.jar;E:\Repository\Synchronization\org\springframework\boot\spring-boot-test\2.1.8.RELEASE\spring-boot-test-2.1.8.RELEASE.jar;E:\Repository\Synchronization\org\springframework\boot\spring-boot-test-autoconfigure\2.1.8.RELEASE\spring-boot-test-autoconfigure-2.1.8.RELEASE.jar;E:\Repository\Synchronization\com\jayway\jsonpath\json-path\2.4.0\json-path-2.4.0.jar;E:\Repository\Synchronization\net\minidev\json-smart\2.3\json-smart-2.3.jar;E:\Repository\Synchronization\net\minidev\accessors-smart\1.2\accessors-smart-1.2.jar;E:\Repository\Synchronization\org\ow2\asm\asm\5.0.4\asm-5.0.4.jar;E:\Repository\Synchronization\org\assertj\assertj-core\3.11.1\assertj-core-3.11.1.jar;E:\Repository\Synchronization\org\mockito\mockito-core\2.23.4\mockito-core-2.23.4.jar;E:\Repository\Synchronization\net\bytebuddy\byte-buddy\1.9.16\byte-buddy-1.9.16.jar;E:\Repository\Synchronization\net\bytebuddy\byte-buddy-agent\1.9.16\byte-buddy-agent-1.9.16.jar;E:\Repository\Synchronization\org\objenesis\objenesis\2.6\objenesis-2.6.jar;E:\Repository\Synchronization\org\hamcrest\hamcrest-core\1.3\hamcrest-core-1.3.jar;E:\Repository\Synchronization\org\hamcrest\hamcrest-library\1.3\hamcrest-library-1.3.jar;E:\Repository\Synchronization\org\skyscreamer\jsonassert\1.5.0\jsonassert-1.5.0.jar;E:\Repository\Synchronization\com\vaadin\external\google\android-json\0.0.20131108.vaadin1\android-json-0.0.20131108.vaadin1.jar;E:\Repository\Synchronization\org\springframework\spring-core\5.1.9.RELEASE\spring-core-5.1.9.RELEASE.jar;E:\Repository\Synchronization\org\springframework\spring-test\5.1.9.RELEASE\spring-test-5.1.9.RELEASE.jar;E:\Repository\Synchronization\org\xmlunit\xmlunit-core\2.6.3\xmlunit-core-2.6.3.jar;E:\Repository\Synchronization\org\mybatis\spring\boot\mybatis-spring-boot-starter\1.3.1\mybatis-spring-boot-starter-1.3.1.jar;E:\Repository\Synchronization\org\mybatis\spring\boot\mybatis-spring-boot-autoconfigure\1.3.1\mybatis-spring-boot-autoconfigure-1.3.1.jar;E:\Repository\Synchronization\org\mybatis\mybatis-spring\2.0.2\mybatis-spring-2.0.2.jar;E:\Repository\Synchronization\org\mybatis\mybatis\3.5.2\mybatis-3.5.2.jar;E:\Repository\Synchronization\org\projectlombok\lombok\1.16.6\lombok-1.16.6.jar;E:\Repository\Synchronization\org\apache\commons\commons-lang3\3.3.2\commons-lang3-3.3.2.jar;E:\Repository\Synchronization\commons-codec\commons-codec\1.9\commons-codec-1.9.jar;E:\Repository\Synchronization\junit\junit\4.12\junit-4.12.jar;E:\Repository\Synchronization\com\google\guava\guava\15.0\guava-15.0.jar;E:\Repository\Synchronization\javax\servlet\javax.servlet-api\4.0.1\javax.servlet-api-4.0.1.jar;E:\Repository\Synchronization\javax\servlet\jstl\1.2\jstl-1.2.jar;E:\Repository\Synchronization\org\springframework\boot\spring-boot-starter-tomcat\2.1.8.RELEASE\spring-boot-starter-tomcat-2.1.8.RELEASE.jar;E:\Repository\Synchronization\javax\annotation\javax.annotation-api\1.3.2\javax.annotation-api-1.3.2.jar;E:\Repository\Synchronization\org\apache\tomcat\embed\tomcat-embed-core\9.0.24\tomcat-embed-core-9.0.24.jar;E:\Repository\Synchronization\org\apache\tomcat\embed\tomcat-embed-el\9.0.24\tomcat-embed-el-9.0.24.jar;E:\Repository\Synchronization\org\apache\tomcat\embed\tomcat-embed-websocket\9.0.24\tomcat-embed-websocket-9.0.24.jar;E:\Repository\Synchronization\org\apache\tomcat\embed\tomcat-embed-jasper\9.0.24\tomcat-embed-jasper-9.0.24.jar;E:\Repository\Synchronization\org\eclipse\jdt\ecj\3.18.0\ecj-3.18.0.jar;E:\Repository\Synchronization\org\springframework\boot\spring-boot\2.1.9.RELEASE\spring-boot-2.1.9.RELEASE.jar;E:\Repository\Synchronization\org\springframework\spring-context\5.1.9.RELEASE\spring-context-5.1.9.RELEASE.jar;"/>
    <property name="sun.cpu.endian" value="little"/>
    <property name="user.home" value="C:\Users\zw"/>
    <property name="user.language" value="zh"/>
    <property name="java.specification.vendor" value="Oracle Corporation"/>
    <property name="java.home" value="E:\jdk1\jre"/>
    <property name="basedir" value="E:\LearnJapanese\learn_japanese"/>
    <property name="file.separator" value="\"/>
    <property name="line.separator" value="&#10;"/>
    <property name="java.vm.specification.vendor" value="Oracle Corporation"/>
    <property name="java.specification.name" value="Java Platform API Specification"/>
    <property name="java.awt.graphicsenv" value="sun.awt.Win32GraphicsEnvironment"/>
    <property name="surefire.real.class.path" value="C:\Users\zw\AppData\Local\Temp\surefire2508727998353622925\surefirebooter6064166243905835750.jar"/>
    <property name="sun.boot.class.path" value="E:\jdk1\jre\lib\resources.jar;E:\jdk1\jre\lib\rt.jar;E:\jdk1\jre\lib\sunrsasign.jar;E:\jdk1\jre\lib\jsse.jar;E:\jdk1\jre\lib\jce.jar;E:\jdk1\jre\lib\charsets.jar;E:\jdk1\jre\lib\jfr.jar;E:\jdk1\jre\classes"/>
    <property name="user.script" value=""/>
    <property name="sun.management.compiler" value="HotSpot 64-Bit Tiered Compilers"/>
    <property name="java.runtime.version" value="1.8.0_131-b11"/>
    <property name="user.name" value="zw"/>
    <property name="path.separator" value=";"/>
    <property name="os.version" value="10.0"/>
    <property name="java.endorsed.dirs" value="E:\jdk1\jre\lib\endorsed"/>
    <property name="java.runtime.name" value="Java(TM) SE Runtime Environment"/>
    <property name="file.encoding" value="GBK"/>
    <property name="java.vm.name" value="Java HotSpot(TM) 64-Bit Server VM"/>
    <property name="localRepository" value="E:\Repository\Synchronization"/>
    <property name="java.vendor.url.bug" value="http://bugreport.sun.com/bugreport/"/>
    <property name="java.io.tmpdir" value="C:\Users\zw\AppData\Local\Temp\"/>
    <property name="java.version" value="1.8.0_131"/>
    <property name="user.dir" value="E:\LearnJapanese\learn_japanese"/>
    <property name="os.arch" value="amd64"/>
    <property name="java.vm.specification.name" value="Java Virtual Machine Specification"/>
    <property name="java.awt.printerjob" value="sun.awt.windows.WPrinterJob"/>
    <property name="sun.os.patch.level" value=""/>
    <property name="java.library.path" value="E:\jdk1\jre\bin;C:\WINDOWS\Sun\Java\bin;C:\WINDOWS\system32;C:\WINDOWS;C:\WINDOWS\system32;C:\WINDOWS;C:\WINDOWS\System32\Wbem;C:\WINDOWS\System32\WindowsPowerShell\v1.0\;E:\jdk1\bin;E:\apache-maven-3.6.0\bin;D:\Program Files\MySQL\MySQL Server 5.6\bin;D:\Git\cmd;D:\tomcat\apache-tomcat-9.0.14\bin;C:\Program Files\TortoiseSVN\bin;E:\svntools\Apache-Subversion-1.8.13\bin;C:\Users\zw\AppData\Local\Microsoft\WindowsApps;;."/>
    <property name="java.vm.info" value="mixed mode"/>
    <property name="java.vendor" value="Oracle Corporation"/>
    <property name="java.vm.version" value="25.131-b11"/>
    <property name="java.ext.dirs" value="E:\jdk1\jre\lib\ext;C:\WINDOWS\Sun\Java\lib\ext"/>
    <property name="sun.io.unicode.encoding" value="UnicodeLittle"/>
    <property name="java.class.version" value="52.0"/>
  </properties>
  <testcase name="contextLoads" classname="ink.zxu.learn_japanese.LearnJapaneseApplicationTests" time="0.194"/>
</testsuite>